
*** Running vivado
    with args -log design_zybo2_distance_zybo2_ip_0_0.vds -m64 -product Vivado -mode batch -messageDb vivado.pb -notrace -source design_zybo2_distance_zybo2_ip_0_0.tcl


****** Vivado v2018.1 (64-bit)
  **** SW Build 2188600 on Wed Apr  4 18:40:38 MDT 2018
  **** IP Build 2185939 on Wed Apr  4 20:55:05 MDT 2018
    ** Copyright 1986-2018 Xilinx, Inc. All Rights Reserved.

source design_zybo2_distance_zybo2_ip_0_0.tcl -notrace
create_project: Time (s): cpu = 00:00:05 ; elapsed = 00:00:26 . Memory (MB): peak = 327.168 ; gain = 93.516
Command: synth_design -top design_zybo2_distance_zybo2_ip_0_0 -part xc7z010clg400-1 -mode out_of_context
Starting synth_design
Attempting to get a license for feature 'Synthesis' and/or device 'xc7z010'
INFO: [Common 17-349] Got license for feature 'Synthesis' and/or device 'xc7z010'
INFO: Launching helper process for spawning children vivado processes
INFO: Helper process launched with PID 6416 
---------------------------------------------------------------------------------
Starting RTL Elaboration : Time (s): cpu = 00:00:20 ; elapsed = 00:00:25 . Memory (MB): peak = 470.375 ; gain = 99.410
---------------------------------------------------------------------------------
INFO: [Synth 8-6157] synthesizing module 'design_zybo2_distance_zybo2_ip_0_0' [c:/Users/Pulpecik/distance_zybo2/distance_zybo2.srcs/sources_1/bd/design_zybo2/ip/design_zybo2_distance_zybo2_ip_0_0/synth/design_zybo2_distance_zybo2_ip_0_0.v:57]
INFO: [Synth 8-6157] synthesizing module 'distance_zybo2_ip_v1_0' [c:/Users/Pulpecik/distance_zybo2/distance_zybo2.srcs/sources_1/bd/design_zybo2/ipshared/df89/hdl/distance_zybo2_ip_v1_0.v:4]
	Parameter C_S00_AXI_DATA_WIDTH bound to: 32 - type: integer 
	Parameter C_S00_AXI_ADDR_WIDTH bound to: 8 - type: integer 
INFO: [Synth 8-6157] synthesizing module 'distance_zybo2_ip_v1_0_S00_AXI' [c:/Users/Pulpecik/distance_zybo2/distance_zybo2.srcs/sources_1/bd/design_zybo2/ipshared/df89/hdl/distance_zybo2_ip_v1_0_S00_AXI.v:4]
	Parameter C_S_AXI_DATA_WIDTH bound to: 32 - type: integer 
	Parameter C_S_AXI_ADDR_WIDTH bound to: 8 - type: integer 
	Parameter ADDR_LSB bound to: 2 - type: integer 
	Parameter OPT_MEM_ADDR_BITS bound to: 5 - type: integer 
INFO: [Synth 8-6157] synthesizing module 'distance' [c:/Users/Pulpecik/distance_zybo2/distance_zybo2.srcs/sources_1/bd/design_zybo2/ipshared/df89/hdl/distance_zybo2_ip_v1_0_S00_AXI.v:1086]
	Parameter S0 bound to: 4'b0000 
	Parameter S1 bound to: 4'b0001 
	Parameter S2 bound to: 4'b0010 
	Parameter S3 bound to: 4'b0011 
	Parameter S4 bound to: 4'b0100 
	Parameter S5 bound to: 4'b0101 
	Parameter S6 bound to: 4'b0110 
	Parameter S7 bound to: 4'b0111 
	Parameter n bound to: 28 - type: integer 
WARNING: [Synth 8-6090] variable 'i' is written by both blocking and non-blocking assignments, entire logic could be removed [c:/Users/Pulpecik/distance_zybo2/distance_zybo2.srcs/sources_1/bd/design_zybo2/ipshared/df89/hdl/distance_zybo2_ip_v1_0_S00_AXI.v:1141]
WARNING: [Synth 8-6090] variable 'i' is written by both blocking and non-blocking assignments, entire logic could be removed [c:/Users/Pulpecik/distance_zybo2/distance_zybo2.srcs/sources_1/bd/design_zybo2/ipshared/df89/hdl/distance_zybo2_ip_v1_0_S00_AXI.v:1141]
WARNING: [Synth 8-6090] variable 'i' is written by both blocking and non-blocking assignments, entire logic could be removed [c:/Users/Pulpecik/distance_zybo2/distance_zybo2.srcs/sources_1/bd/design_zybo2/ipshared/df89/hdl/distance_zybo2_ip_v1_0_S00_AXI.v:1141]
WARNING: [Synth 8-6090] variable 'i' is written by both blocking and non-blocking assignments, entire logic could be removed [c:/Users/Pulpecik/distance_zybo2/distance_zybo2.srcs/sources_1/bd/design_zybo2/ipshared/df89/hdl/distance_zybo2_ip_v1_0_S00_AXI.v:1141]
WARNING: [Synth 8-6090] variable 'i' is written by both blocking and non-blocking assignments, entire logic could be removed [c:/Users/Pulpecik/distance_zybo2/distance_zybo2.srcs/sources_1/bd/design_zybo2/ipshared/df89/hdl/distance_zybo2_ip_v1_0_S00_AXI.v:1141]
WARNING: [Synth 8-6090] variable 'i' is written by both blocking and non-blocking assignments, entire logic could be removed [c:/Users/Pulpecik/distance_zybo2/distance_zybo2.srcs/sources_1/bd/design_zybo2/ipshared/df89/hdl/distance_zybo2_ip_v1_0_S00_AXI.v:1141]
WARNING: [Synth 8-6090] variable 'i' is written by both blocking and non-blocking assignments, entire logic could be removed [c:/Users/Pulpecik/distance_zybo2/distance_zybo2.srcs/sources_1/bd/design_zybo2/ipshared/df89/hdl/distance_zybo2_ip_v1_0_S00_AXI.v:1141]
WARNING: [Synth 8-6090] variable 'i' is written by both blocking and non-blocking assignments, entire logic could be removed [c:/Users/Pulpecik/distance_zybo2/distance_zybo2.srcs/sources_1/bd/design_zybo2/ipshared/df89/hdl/distance_zybo2_ip_v1_0_S00_AXI.v:1141]
WARNING: [Synth 8-6090] variable 'i' is written by both blocking and non-blocking assignments, entire logic could be removed [c:/Users/Pulpecik/distance_zybo2/distance_zybo2.srcs/sources_1/bd/design_zybo2/ipshared/df89/hdl/distance_zybo2_ip_v1_0_S00_AXI.v:1141]
WARNING: [Synth 8-6090] variable 'i' is written by both blocking and non-blocking assignments, entire logic could be removed [c:/Users/Pulpecik/distance_zybo2/distance_zybo2.srcs/sources_1/bd/design_zybo2/ipshared/df89/hdl/distance_zybo2_ip_v1_0_S00_AXI.v:1141]
WARNING: [Synth 8-6090] variable 'i' is written by both blocking and non-blocking assignments, entire logic could be removed [c:/Users/Pulpecik/distance_zybo2/distance_zybo2.srcs/sources_1/bd/design_zybo2/ipshared/df89/hdl/distance_zybo2_ip_v1_0_S00_AXI.v:1141]
WARNING: [Synth 8-6090] variable 'i' is written by both blocking and non-blocking assignments, entire logic could be removed [c:/Users/Pulpecik/distance_zybo2/distance_zybo2.srcs/sources_1/bd/design_zybo2/ipshared/df89/hdl/distance_zybo2_ip_v1_0_S00_AXI.v:1141]
WARNING: [Synth 8-6090] variable 'i' is written by both blocking and non-blocking assignments, entire logic could be removed [c:/Users/Pulpecik/distance_zybo2/distance_zybo2.srcs/sources_1/bd/design_zybo2/ipshared/df89/hdl/distance_zybo2_ip_v1_0_S00_AXI.v:1141]
WARNING: [Synth 8-6090] variable 'i' is written by both blocking and non-blocking assignments, entire logic could be removed [c:/Users/Pulpecik/distance_zybo2/distance_zybo2.srcs/sources_1/bd/design_zybo2/ipshared/df89/hdl/distance_zybo2_ip_v1_0_S00_AXI.v:1141]
WARNING: [Synth 8-6090] variable 'i' is written by both blocking and non-blocking assignments, entire logic could be removed [c:/Users/Pulpecik/distance_zybo2/distance_zybo2.srcs/sources_1/bd/design_zybo2/ipshared/df89/hdl/distance_zybo2_ip_v1_0_S00_AXI.v:1141]
WARNING: [Synth 8-6090] variable 'i' is written by both blocking and non-blocking assignments, entire logic could be removed [c:/Users/Pulpecik/distance_zybo2/distance_zybo2.srcs/sources_1/bd/design_zybo2/ipshared/df89/hdl/distance_zybo2_ip_v1_0_S00_AXI.v:1141]
WARNING: [Synth 8-6090] variable 'i' is written by both blocking and non-blocking assignments, entire logic could be removed [c:/Users/Pulpecik/distance_zybo2/distance_zybo2.srcs/sources_1/bd/design_zybo2/ipshared/df89/hdl/distance_zybo2_ip_v1_0_S00_AXI.v:1141]
WARNING: [Synth 8-6090] variable 'i' is written by both blocking and non-blocking assignments, entire logic could be removed [c:/Users/Pulpecik/distance_zybo2/distance_zybo2.srcs/sources_1/bd/design_zybo2/ipshared/df89/hdl/distance_zybo2_ip_v1_0_S00_AXI.v:1141]
WARNING: [Synth 8-6090] variable 'i' is written by both blocking and non-blocking assignments, entire logic could be removed [c:/Users/Pulpecik/distance_zybo2/distance_zybo2.srcs/sources_1/bd/design_zybo2/ipshared/df89/hdl/distance_zybo2_ip_v1_0_S00_AXI.v:1141]
WARNING: [Synth 8-6090] variable 'i' is written by both blocking and non-blocking assignments, entire logic could be removed [c:/Users/Pulpecik/distance_zybo2/distance_zybo2.srcs/sources_1/bd/design_zybo2/ipshared/df89/hdl/distance_zybo2_ip_v1_0_S00_AXI.v:1141]
WARNING: [Synth 8-6090] variable 'i' is written by both blocking and non-blocking assignments, entire logic could be removed [c:/Users/Pulpecik/distance_zybo2/distance_zybo2.srcs/sources_1/bd/design_zybo2/ipshared/df89/hdl/distance_zybo2_ip_v1_0_S00_AXI.v:1141]
WARNING: [Synth 8-6090] variable 'i' is written by both blocking and non-blocking assignments, entire logic could be removed [c:/Users/Pulpecik/distance_zybo2/distance_zybo2.srcs/sources_1/bd/design_zybo2/ipshared/df89/hdl/distance_zybo2_ip_v1_0_S00_AXI.v:1141]
WARNING: [Synth 8-6090] variable 'i' is written by both blocking and non-blocking assignments, entire logic could be removed [c:/Users/Pulpecik/distance_zybo2/distance_zybo2.srcs/sources_1/bd/design_zybo2/ipshared/df89/hdl/distance_zybo2_ip_v1_0_S00_AXI.v:1141]
WARNING: [Synth 8-6090] variable 'i' is written by both blocking and non-blocking assignments, entire logic could be removed [c:/Users/Pulpecik/distance_zybo2/distance_zybo2.srcs/sources_1/bd/design_zybo2/ipshared/df89/hdl/distance_zybo2_ip_v1_0_S00_AXI.v:1141]
WARNING: [Synth 8-6090] variable 'i' is written by both blocking and non-blocking assignments, entire logic could be removed [c:/Users/Pulpecik/distance_zybo2/distance_zybo2.srcs/sources_1/bd/design_zybo2/ipshared/df89/hdl/distance_zybo2_ip_v1_0_S00_AXI.v:1141]
WARNING: [Synth 8-6090] variable 'i' is written by both blocking and non-blocking assignments, entire logic could be removed [c:/Users/Pulpecik/distance_zybo2/distance_zybo2.srcs/sources_1/bd/design_zybo2/ipshared/df89/hdl/distance_zybo2_ip_v1_0_S00_AXI.v:1141]
WARNING: [Synth 8-6090] variable 'i' is written by both blocking and non-blocking assignments, entire logic could be removed [c:/Users/Pulpecik/distance_zybo2/distance_zybo2.srcs/sources_1/bd/design_zybo2/ipshared/df89/hdl/distance_zybo2_ip_v1_0_S00_AXI.v:1141]
WARNING: [Synth 8-6090] variable 'i' is written by both blocking and non-blocking assignments, entire logic could be removed [c:/Users/Pulpecik/distance_zybo2/distance_zybo2.srcs/sources_1/bd/design_zybo2/ipshared/df89/hdl/distance_zybo2_ip_v1_0_S00_AXI.v:1141]
WARNING: [Synth 8-6090] variable 'i' is written by both blocking and non-blocking assignments, entire logic could be removed [c:/Users/Pulpecik/distance_zybo2/distance_zybo2.srcs/sources_1/bd/design_zybo2/ipshared/df89/hdl/distance_zybo2_ip_v1_0_S00_AXI.v:1141]
WARNING: [Synth 8-6014] Unused sequential element i_reg was removed.  [c:/Users/Pulpecik/distance_zybo2/distance_zybo2.srcs/sources_1/bd/design_zybo2/ipshared/df89/hdl/distance_zybo2_ip_v1_0_S00_AXI.v:1138]
INFO: [Synth 8-6155] done synthesizing module 'distance' (1#1) [c:/Users/Pulpecik/distance_zybo2/distance_zybo2.srcs/sources_1/bd/design_zybo2/ipshared/df89/hdl/distance_zybo2_ip_v1_0_S00_AXI.v:1086]
WARNING: [Synth 8-689] width (32) of port connection 'start' does not match port width (1) of module 'distance' [c:/Users/Pulpecik/distance_zybo2/distance_zybo2.srcs/sources_1/bd/design_zybo2/ipshared/df89/hdl/distance_zybo2_ip_v1_0_S00_AXI.v:1021]
WARNING: [Synth 8-689] width (32) of port connection 'image1_in_0' does not match port width (28) of module 'distance' [c:/Users/Pulpecik/distance_zybo2/distance_zybo2.srcs/sources_1/bd/design_zybo2/ipshared/df89/hdl/distance_zybo2_ip_v1_0_S00_AXI.v:1022]
WARNING: [Synth 8-689] width (32) of port connection 'image1_in_1' does not match port width (28) of module 'distance' [c:/Users/Pulpecik/distance_zybo2/distance_zybo2.srcs/sources_1/bd/design_zybo2/ipshared/df89/hdl/distance_zybo2_ip_v1_0_S00_AXI.v:1023]
WARNING: [Synth 8-689] width (32) of port connection 'image1_in_2' does not match port width (28) of module 'distance' [c:/Users/Pulpecik/distance_zybo2/distance_zybo2.srcs/sources_1/bd/design_zybo2/ipshared/df89/hdl/distance_zybo2_ip_v1_0_S00_AXI.v:1024]
WARNING: [Synth 8-689] width (32) of port connection 'image1_in_3' does not match port width (28) of module 'distance' [c:/Users/Pulpecik/distance_zybo2/distance_zybo2.srcs/sources_1/bd/design_zybo2/ipshared/df89/hdl/distance_zybo2_ip_v1_0_S00_AXI.v:1025]
WARNING: [Synth 8-689] width (32) of port connection 'image1_in_4' does not match port width (28) of module 'distance' [c:/Users/Pulpecik/distance_zybo2/distance_zybo2.srcs/sources_1/bd/design_zybo2/ipshared/df89/hdl/distance_zybo2_ip_v1_0_S00_AXI.v:1026]
WARNING: [Synth 8-689] width (32) of port connection 'image1_in_5' does not match port width (28) of module 'distance' [c:/Users/Pulpecik/distance_zybo2/distance_zybo2.srcs/sources_1/bd/design_zybo2/ipshared/df89/hdl/distance_zybo2_ip_v1_0_S00_AXI.v:1027]
WARNING: [Synth 8-689] width (32) of port connection 'image1_in_6' does not match port width (28) of module 'distance' [c:/Users/Pulpecik/distance_zybo2/distance_zybo2.srcs/sources_1/bd/design_zybo2/ipshared/df89/hdl/distance_zybo2_ip_v1_0_S00_AXI.v:1028]
WARNING: [Synth 8-689] width (32) of port connection 'image1_in_7' does not match port width (28) of module 'distance' [c:/Users/Pulpecik/distance_zybo2/distance_zybo2.srcs/sources_1/bd/design_zybo2/ipshared/df89/hdl/distance_zybo2_ip_v1_0_S00_AXI.v:1029]
WARNING: [Synth 8-689] width (32) of port connection 'image1_in_8' does not match port width (28) of module 'distance' [c:/Users/Pulpecik/distance_zybo2/distance_zybo2.srcs/sources_1/bd/design_zybo2/ipshared/df89/hdl/distance_zybo2_ip_v1_0_S00_AXI.v:1030]
WARNING: [Synth 8-689] width (32) of port connection 'image1_in_9' does not match port width (28) of module 'distance' [c:/Users/Pulpecik/distance_zybo2/distance_zybo2.srcs/sources_1/bd/design_zybo2/ipshared/df89/hdl/distance_zybo2_ip_v1_0_S00_AXI.v:1031]
WARNING: [Synth 8-689] width (32) of port connection 'image1_in_10' does not match port width (28) of module 'distance' [c:/Users/Pulpecik/distance_zybo2/distance_zybo2.srcs/sources_1/bd/design_zybo2/ipshared/df89/hdl/distance_zybo2_ip_v1_0_S00_AXI.v:1032]
WARNING: [Synth 8-689] width (32) of port connection 'image1_in_11' does not match port width (28) of module 'distance' [c:/Users/Pulpecik/distance_zybo2/distance_zybo2.srcs/sources_1/bd/design_zybo2/ipshared/df89/hdl/distance_zybo2_ip_v1_0_S00_AXI.v:1033]
WARNING: [Synth 8-689] width (32) of port connection 'image1_in_12' does not match port width (28) of module 'distance' [c:/Users/Pulpecik/distance_zybo2/distance_zybo2.srcs/sources_1/bd/design_zybo2/ipshared/df89/hdl/distance_zybo2_ip_v1_0_S00_AXI.v:1034]
WARNING: [Synth 8-689] width (32) of port connection 'image1_in_13' does not match port width (28) of module 'distance' [c:/Users/Pulpecik/distance_zybo2/distance_zybo2.srcs/sources_1/bd/design_zybo2/ipshared/df89/hdl/distance_zybo2_ip_v1_0_S00_AXI.v:1035]
WARNING: [Synth 8-689] width (32) of port connection 'image1_in_14' does not match port width (28) of module 'distance' [c:/Users/Pulpecik/distance_zybo2/distance_zybo2.srcs/sources_1/bd/design_zybo2/ipshared/df89/hdl/distance_zybo2_ip_v1_0_S00_AXI.v:1036]
WARNING: [Synth 8-689] width (32) of port connection 'image1_in_15' does not match port width (28) of module 'distance' [c:/Users/Pulpecik/distance_zybo2/distance_zybo2.srcs/sources_1/bd/design_zybo2/ipshared/df89/hdl/distance_zybo2_ip_v1_0_S00_AXI.v:1037]
WARNING: [Synth 8-689] width (32) of port connection 'image1_in_16' does not match port width (28) of module 'distance' [c:/Users/Pulpecik/distance_zybo2/distance_zybo2.srcs/sources_1/bd/design_zybo2/ipshared/df89/hdl/distance_zybo2_ip_v1_0_S00_AXI.v:1038]
WARNING: [Synth 8-689] width (32) of port connection 'image1_in_17' does not match port width (28) of module 'distance' [c:/Users/Pulpecik/distance_zybo2/distance_zybo2.srcs/sources_1/bd/design_zybo2/ipshared/df89/hdl/distance_zybo2_ip_v1_0_S00_AXI.v:1039]
WARNING: [Synth 8-689] width (32) of port connection 'image1_in_18' does not match port width (28) of module 'distance' [c:/Users/Pulpecik/distance_zybo2/distance_zybo2.srcs/sources_1/bd/design_zybo2/ipshared/df89/hdl/distance_zybo2_ip_v1_0_S00_AXI.v:1040]
WARNING: [Synth 8-689] width (32) of port connection 'image1_in_19' does not match port width (28) of module 'distance' [c:/Users/Pulpecik/distance_zybo2/distance_zybo2.srcs/sources_1/bd/design_zybo2/ipshared/df89/hdl/distance_zybo2_ip_v1_0_S00_AXI.v:1041]
WARNING: [Synth 8-689] width (32) of port connection 'image1_in_20' does not match port width (28) of module 'distance' [c:/Users/Pulpecik/distance_zybo2/distance_zybo2.srcs/sources_1/bd/design_zybo2/ipshared/df89/hdl/distance_zybo2_ip_v1_0_S00_AXI.v:1042]
WARNING: [Synth 8-689] width (32) of port connection 'image1_in_21' does not match port width (28) of module 'distance' [c:/Users/Pulpecik/distance_zybo2/distance_zybo2.srcs/sources_1/bd/design_zybo2/ipshared/df89/hdl/distance_zybo2_ip_v1_0_S00_AXI.v:1043]
WARNING: [Synth 8-689] width (32) of port connection 'image1_in_22' does not match port width (28) of module 'distance' [c:/Users/Pulpecik/distance_zybo2/distance_zybo2.srcs/sources_1/bd/design_zybo2/ipshared/df89/hdl/distance_zybo2_ip_v1_0_S00_AXI.v:1044]
WARNING: [Synth 8-689] width (32) of port connection 'image1_in_23' does not match port width (28) of module 'distance' [c:/Users/Pulpecik/distance_zybo2/distance_zybo2.srcs/sources_1/bd/design_zybo2/ipshared/df89/hdl/distance_zybo2_ip_v1_0_S00_AXI.v:1045]
WARNING: [Synth 8-689] width (32) of port connection 'image1_in_24' does not match port width (28) of module 'distance' [c:/Users/Pulpecik/distance_zybo2/distance_zybo2.srcs/sources_1/bd/design_zybo2/ipshared/df89/hdl/distance_zybo2_ip_v1_0_S00_AXI.v:1046]
WARNING: [Synth 8-689] width (32) of port connection 'image1_in_25' does not match port width (28) of module 'distance' [c:/Users/Pulpecik/distance_zybo2/distance_zybo2.srcs/sources_1/bd/design_zybo2/ipshared/df89/hdl/distance_zybo2_ip_v1_0_S00_AXI.v:1047]
WARNING: [Synth 8-689] width (32) of port connection 'image1_in_26' does not match port width (28) of module 'distance' [c:/Users/Pulpecik/distance_zybo2/distance_zybo2.srcs/sources_1/bd/design_zybo2/ipshared/df89/hdl/distance_zybo2_ip_v1_0_S00_AXI.v:1048]
WARNING: [Synth 8-689] width (32) of port connection 'image1_in_27' does not match port width (28) of module 'distance' [c:/Users/Pulpecik/distance_zybo2/distance_zybo2.srcs/sources_1/bd/design_zybo2/ipshared/df89/hdl/distance_zybo2_ip_v1_0_S00_AXI.v:1049]
WARNING: [Synth 8-689] width (32) of port connection 'image2_in_0' does not match port width (28) of module 'distance' [c:/Users/Pulpecik/distance_zybo2/distance_zybo2.srcs/sources_1/bd/design_zybo2/ipshared/df89/hdl/distance_zybo2_ip_v1_0_S00_AXI.v:1050]
WARNING: [Synth 8-689] width (32) of port connection 'image2_in_1' does not match port width (28) of module 'distance' [c:/Users/Pulpecik/distance_zybo2/distance_zybo2.srcs/sources_1/bd/design_zybo2/ipshared/df89/hdl/distance_zybo2_ip_v1_0_S00_AXI.v:1051]
WARNING: [Synth 8-689] width (32) of port connection 'image2_in_2' does not match port width (28) of module 'distance' [c:/Users/Pulpecik/distance_zybo2/distance_zybo2.srcs/sources_1/bd/design_zybo2/ipshared/df89/hdl/distance_zybo2_ip_v1_0_S00_AXI.v:1052]
WARNING: [Synth 8-689] width (32) of port connection 'image2_in_3' does not match port width (28) of module 'distance' [c:/Users/Pulpecik/distance_zybo2/distance_zybo2.srcs/sources_1/bd/design_zybo2/ipshared/df89/hdl/distance_zybo2_ip_v1_0_S00_AXI.v:1053]
WARNING: [Synth 8-689] width (32) of port connection 'image2_in_4' does not match port width (28) of module 'distance' [c:/Users/Pulpecik/distance_zybo2/distance_zybo2.srcs/sources_1/bd/design_zybo2/ipshared/df89/hdl/distance_zybo2_ip_v1_0_S00_AXI.v:1054]
WARNING: [Synth 8-689] width (32) of port connection 'image2_in_5' does not match port width (28) of module 'distance' [c:/Users/Pulpecik/distance_zybo2/distance_zybo2.srcs/sources_1/bd/design_zybo2/ipshared/df89/hdl/distance_zybo2_ip_v1_0_S00_AXI.v:1055]
WARNING: [Synth 8-689] width (32) of port connection 'image2_in_6' does not match port width (28) of module 'distance' [c:/Users/Pulpecik/distance_zybo2/distance_zybo2.srcs/sources_1/bd/design_zybo2/ipshared/df89/hdl/distance_zybo2_ip_v1_0_S00_AXI.v:1056]
WARNING: [Synth 8-689] width (32) of port connection 'image2_in_7' does not match port width (28) of module 'distance' [c:/Users/Pulpecik/distance_zybo2/distance_zybo2.srcs/sources_1/bd/design_zybo2/ipshared/df89/hdl/distance_zybo2_ip_v1_0_S00_AXI.v:1057]
WARNING: [Synth 8-689] width (32) of port connection 'image2_in_8' does not match port width (28) of module 'distance' [c:/Users/Pulpecik/distance_zybo2/distance_zybo2.srcs/sources_1/bd/design_zybo2/ipshared/df89/hdl/distance_zybo2_ip_v1_0_S00_AXI.v:1058]
WARNING: [Synth 8-689] width (32) of port connection 'image2_in_9' does not match port width (28) of module 'distance' [c:/Users/Pulpecik/distance_zybo2/distance_zybo2.srcs/sources_1/bd/design_zybo2/ipshared/df89/hdl/distance_zybo2_ip_v1_0_S00_AXI.v:1059]
WARNING: [Synth 8-689] width (32) of port connection 'image2_in_10' does not match port width (28) of module 'distance' [c:/Users/Pulpecik/distance_zybo2/distance_zybo2.srcs/sources_1/bd/design_zybo2/ipshared/df89/hdl/distance_zybo2_ip_v1_0_S00_AXI.v:1060]
WARNING: [Synth 8-689] width (32) of port connection 'image2_in_11' does not match port width (28) of module 'distance' [c:/Users/Pulpecik/distance_zybo2/distance_zybo2.srcs/sources_1/bd/design_zybo2/ipshared/df89/hdl/distance_zybo2_ip_v1_0_S00_AXI.v:1061]
WARNING: [Synth 8-689] width (32) of port connection 'image2_in_12' does not match port width (28) of module 'distance' [c:/Users/Pulpecik/distance_zybo2/distance_zybo2.srcs/sources_1/bd/design_zybo2/ipshared/df89/hdl/distance_zybo2_ip_v1_0_S00_AXI.v:1062]
WARNING: [Synth 8-689] width (32) of port connection 'image2_in_13' does not match port width (28) of module 'distance' [c:/Users/Pulpecik/distance_zybo2/distance_zybo2.srcs/sources_1/bd/design_zybo2/ipshared/df89/hdl/distance_zybo2_ip_v1_0_S00_AXI.v:1063]
WARNING: [Synth 8-689] width (32) of port connection 'image2_in_14' does not match port width (28) of module 'distance' [c:/Users/Pulpecik/distance_zybo2/distance_zybo2.srcs/sources_1/bd/design_zybo2/ipshared/df89/hdl/distance_zybo2_ip_v1_0_S00_AXI.v:1064]
WARNING: [Synth 8-689] width (32) of port connection 'image2_in_15' does not match port width (28) of module 'distance' [c:/Users/Pulpecik/distance_zybo2/distance_zybo2.srcs/sources_1/bd/design_zybo2/ipshared/df89/hdl/distance_zybo2_ip_v1_0_S00_AXI.v:1065]
WARNING: [Synth 8-689] width (32) of port connection 'image2_in_16' does not match port width (28) of module 'distance' [c:/Users/Pulpecik/distance_zybo2/distance_zybo2.srcs/sources_1/bd/design_zybo2/ipshared/df89/hdl/distance_zybo2_ip_v1_0_S00_AXI.v:1066]
WARNING: [Synth 8-689] width (32) of port connection 'image2_in_17' does not match port width (28) of module 'distance' [c:/Users/Pulpecik/distance_zybo2/distance_zybo2.srcs/sources_1/bd/design_zybo2/ipshared/df89/hdl/distance_zybo2_ip_v1_0_S00_AXI.v:1067]
WARNING: [Synth 8-689] width (32) of port connection 'image2_in_18' does not match port width (28) of module 'distance' [c:/Users/Pulpecik/distance_zybo2/distance_zybo2.srcs/sources_1/bd/design_zybo2/ipshared/df89/hdl/distance_zybo2_ip_v1_0_S00_AXI.v:1068]
WARNING: [Synth 8-689] width (32) of port connection 'image2_in_19' does not match port width (28) of module 'distance' [c:/Users/Pulpecik/distance_zybo2/distance_zybo2.srcs/sources_1/bd/design_zybo2/ipshared/df89/hdl/distance_zybo2_ip_v1_0_S00_AXI.v:1069]
WARNING: [Synth 8-689] width (32) of port connection 'image2_in_20' does not match port width (28) of module 'distance' [c:/Users/Pulpecik/distance_zybo2/distance_zybo2.srcs/sources_1/bd/design_zybo2/ipshared/df89/hdl/distance_zybo2_ip_v1_0_S00_AXI.v:1070]
WARNING: [Synth 8-689] width (32) of port connection 'image2_in_21' does not match port width (28) of module 'distance' [c:/Users/Pulpecik/distance_zybo2/distance_zybo2.srcs/sources_1/bd/design_zybo2/ipshared/df89/hdl/distance_zybo2_ip_v1_0_S00_AXI.v:1071]
WARNING: [Synth 8-689] width (32) of port connection 'image2_in_22' does not match port width (28) of module 'distance' [c:/Users/Pulpecik/distance_zybo2/distance_zybo2.srcs/sources_1/bd/design_zybo2/ipshared/df89/hdl/distance_zybo2_ip_v1_0_S00_AXI.v:1072]
WARNING: [Synth 8-689] width (32) of port connection 'image2_in_23' does not match port width (28) of module 'distance' [c:/Users/Pulpecik/distance_zybo2/distance_zybo2.srcs/sources_1/bd/design_zybo2/ipshared/df89/hdl/distance_zybo2_ip_v1_0_S00_AXI.v:1073]
WARNING: [Synth 8-689] width (32) of port connection 'image2_in_24' does not match port width (28) of module 'distance' [c:/Users/Pulpecik/distance_zybo2/distance_zybo2.srcs/sources_1/bd/design_zybo2/ipshared/df89/hdl/distance_zybo2_ip_v1_0_S00_AXI.v:1074]
WARNING: [Synth 8-689] width (32) of port connection 'image2_in_25' does not match port width (28) of module 'distance' [c:/Users/Pulpecik/distance_zybo2/distance_zybo2.srcs/sources_1/bd/design_zybo2/ipshared/df89/hdl/distance_zybo2_ip_v1_0_S00_AXI.v:1075]
WARNING: [Synth 8-689] width (32) of port connection 'image2_in_26' does not match port width (28) of module 'distance' [c:/Users/Pulpecik/distance_zybo2/distance_zybo2.srcs/sources_1/bd/design_zybo2/ipshared/df89/hdl/distance_zybo2_ip_v1_0_S00_AXI.v:1076]
WARNING: [Synth 8-689] width (32) of port connection 'image2_in_27' does not match port width (28) of module 'distance' [c:/Users/Pulpecik/distance_zybo2/distance_zybo2.srcs/sources_1/bd/design_zybo2/ipshared/df89/hdl/distance_zybo2_ip_v1_0_S00_AXI.v:1077]
INFO: [Synth 8-6155] done synthesizing module 'distance_zybo2_ip_v1_0_S00_AXI' (2#1) [c:/Users/Pulpecik/distance_zybo2/distance_zybo2.srcs/sources_1/bd/design_zybo2/ipshared/df89/hdl/distance_zybo2_ip_v1_0_S00_AXI.v:4]
INFO: [Synth 8-6155] done synthesizing module 'distance_zybo2_ip_v1_0' (3#1) [c:/Users/Pulpecik/distance_zybo2/distance_zybo2.srcs/sources_1/bd/design_zybo2/ipshared/df89/hdl/distance_zybo2_ip_v1_0.v:4]
INFO: [Synth 8-6155] done synthesizing module 'design_zybo2_distance_zybo2_ip_0_0' (4#1) [c:/Users/Pulpecik/distance_zybo2/distance_zybo2.srcs/sources_1/bd/design_zybo2/ip/design_zybo2_distance_zybo2_ip_0_0/synth/design_zybo2_distance_zybo2_ip_0_0.v:57]
WARNING: [Synth 8-3331] design distance has unconnected port image1_in_1[27]
WARNING: [Synth 8-3331] design distance has unconnected port image1_in_1[26]
WARNING: [Synth 8-3331] design distance has unconnected port image1_in_1[25]
WARNING: [Synth 8-3331] design distance has unconnected port image1_in_1[24]
WARNING: [Synth 8-3331] design distance has unconnected port image1_in_1[23]
WARNING: [Synth 8-3331] design distance has unconnected port image1_in_1[22]
WARNING: [Synth 8-3331] design distance has unconnected port image1_in_1[21]
WARNING: [Synth 8-3331] design distance has unconnected port image1_in_1[20]
WARNING: [Synth 8-3331] design distance has unconnected port image1_in_1[19]
WARNING: [Synth 8-3331] design distance has unconnected port image1_in_1[18]
WARNING: [Synth 8-3331] design distance has unconnected port image1_in_1[17]
WARNING: [Synth 8-3331] design distance has unconnected port image1_in_1[16]
WARNING: [Synth 8-3331] design distance has unconnected port image1_in_1[15]
WARNING: [Synth 8-3331] design distance has unconnected port image1_in_1[14]
WARNING: [Synth 8-3331] design distance has unconnected port image1_in_1[13]
WARNING: [Synth 8-3331] design distance has unconnected port image1_in_1[12]
WARNING: [Synth 8-3331] design distance has unconnected port image1_in_1[11]
WARNING: [Synth 8-3331] design distance has unconnected port image1_in_1[10]
WARNING: [Synth 8-3331] design distance has unconnected port image1_in_1[9]
WARNING: [Synth 8-3331] design distance has unconnected port image1_in_1[8]
WARNING: [Synth 8-3331] design distance has unconnected port image1_in_1[7]
WARNING: [Synth 8-3331] design distance has unconnected port image1_in_1[6]
WARNING: [Synth 8-3331] design distance has unconnected port image1_in_1[5]
WARNING: [Synth 8-3331] design distance has unconnected port image1_in_1[4]
WARNING: [Synth 8-3331] design distance has unconnected port image1_in_1[3]
WARNING: [Synth 8-3331] design distance has unconnected port image1_in_1[2]
WARNING: [Synth 8-3331] design distance has unconnected port image1_in_1[1]
WARNING: [Synth 8-3331] design distance has unconnected port image1_in_1[0]
WARNING: [Synth 8-3331] design distance has unconnected port image1_in_2[27]
WARNING: [Synth 8-3331] design distance has unconnected port image1_in_2[26]
WARNING: [Synth 8-3331] design distance has unconnected port image1_in_2[25]
WARNING: [Synth 8-3331] design distance has unconnected port image1_in_2[24]
WARNING: [Synth 8-3331] design distance has unconnected port image1_in_2[23]
WARNING: [Synth 8-3331] design distance has unconnected port image1_in_2[22]
WARNING: [Synth 8-3331] design distance has unconnected port image1_in_2[21]
WARNING: [Synth 8-3331] design distance has unconnected port image1_in_2[20]
WARNING: [Synth 8-3331] design distance has unconnected port image1_in_2[19]
WARNING: [Synth 8-3331] design distance has unconnected port image1_in_2[18]
WARNING: [Synth 8-3331] design distance has unconnected port image1_in_2[17]
WARNING: [Synth 8-3331] design distance has unconnected port image1_in_2[16]
WARNING: [Synth 8-3331] design distance has unconnected port image1_in_2[15]
WARNING: [Synth 8-3331] design distance has unconnected port image1_in_2[14]
WARNING: [Synth 8-3331] design distance has unconnected port image1_in_2[13]
WARNING: [Synth 8-3331] design distance has unconnected port image1_in_2[12]
WARNING: [Synth 8-3331] design distance has unconnected port image1_in_2[11]
WARNING: [Synth 8-3331] design distance has unconnected port image1_in_2[10]
WARNING: [Synth 8-3331] design distance has unconnected port image1_in_2[9]
WARNING: [Synth 8-3331] design distance has unconnected port image1_in_2[8]
WARNING: [Synth 8-3331] design distance has unconnected port image1_in_2[7]
WARNING: [Synth 8-3331] design distance has unconnected port image1_in_2[6]
WARNING: [Synth 8-3331] design distance has unconnected port image1_in_2[5]
WARNING: [Synth 8-3331] design distance has unconnected port image1_in_2[4]
WARNING: [Synth 8-3331] design distance has unconnected port image1_in_2[3]
WARNING: [Synth 8-3331] design distance has unconnected port image1_in_2[2]
WARNING: [Synth 8-3331] design distance has unconnected port image1_in_2[1]
WARNING: [Synth 8-3331] design distance has unconnected port image1_in_2[0]
WARNING: [Synth 8-3331] design distance has unconnected port image1_in_3[27]
WARNING: [Synth 8-3331] design distance has unconnected port image1_in_3[26]
WARNING: [Synth 8-3331] design distance has unconnected port image1_in_3[25]
WARNING: [Synth 8-3331] design distance has unconnected port image1_in_3[24]
WARNING: [Synth 8-3331] design distance has unconnected port image1_in_3[23]
WARNING: [Synth 8-3331] design distance has unconnected port image1_in_3[22]
WARNING: [Synth 8-3331] design distance has unconnected port image1_in_3[21]
WARNING: [Synth 8-3331] design distance has unconnected port image1_in_3[20]
WARNING: [Synth 8-3331] design distance has unconnected port image1_in_3[19]
WARNING: [Synth 8-3331] design distance has unconnected port image1_in_3[18]
WARNING: [Synth 8-3331] design distance has unconnected port image1_in_3[17]
WARNING: [Synth 8-3331] design distance has unconnected port image1_in_3[16]
WARNING: [Synth 8-3331] design distance has unconnected port image1_in_3[15]
WARNING: [Synth 8-3331] design distance has unconnected port image1_in_3[14]
WARNING: [Synth 8-3331] design distance has unconnected port image1_in_3[13]
WARNING: [Synth 8-3331] design distance has unconnected port image1_in_3[12]
WARNING: [Synth 8-3331] design distance has unconnected port image1_in_3[11]
WARNING: [Synth 8-3331] design distance has unconnected port image1_in_3[10]
WARNING: [Synth 8-3331] design distance has unconnected port image1_in_3[9]
WARNING: [Synth 8-3331] design distance has unconnected port image1_in_3[8]
WARNING: [Synth 8-3331] design distance has unconnected port image1_in_3[7]
WARNING: [Synth 8-3331] design distance has unconnected port image1_in_3[6]
WARNING: [Synth 8-3331] design distance has unconnected port image1_in_3[5]
WARNING: [Synth 8-3331] design distance has unconnected port image1_in_3[4]
WARNING: [Synth 8-3331] design distance has unconnected port image1_in_3[3]
WARNING: [Synth 8-3331] design distance has unconnected port image1_in_3[2]
WARNING: [Synth 8-3331] design distance has unconnected port image1_in_3[1]
WARNING: [Synth 8-3331] design distance has unconnected port image1_in_3[0]
WARNING: [Synth 8-3331] design distance has unconnected port image1_in_4[27]
WARNING: [Synth 8-3331] design distance has unconnected port image1_in_4[26]
WARNING: [Synth 8-3331] design distance has unconnected port image1_in_4[25]
WARNING: [Synth 8-3331] design distance has unconnected port image1_in_4[24]
WARNING: [Synth 8-3331] design distance has unconnected port image1_in_4[23]
WARNING: [Synth 8-3331] design distance has unconnected port image1_in_4[22]
WARNING: [Synth 8-3331] design distance has unconnected port image1_in_4[21]
WARNING: [Synth 8-3331] design distance has unconnected port image1_in_4[20]
WARNING: [Synth 8-3331] design distance has unconnected port image1_in_4[19]
WARNING: [Synth 8-3331] design distance has unconnected port image1_in_4[18]
WARNING: [Synth 8-3331] design distance has unconnected port image1_in_4[17]
WARNING: [Synth 8-3331] design distance has unconnected port image1_in_4[16]
WARNING: [Synth 8-3331] design distance has unconnected port image1_in_4[15]
WARNING: [Synth 8-3331] design distance has unconnected port image1_in_4[14]
WARNING: [Synth 8-3331] design distance has unconnected port image1_in_4[13]
WARNING: [Synth 8-3331] design distance has unconnected port image1_in_4[12]
INFO: [Common 17-14] Message 'Synth 8-3331' appears 100 times and further instances of the messages will be disabled. Use the Tcl command set_msg_config to change the current settings.
---------------------------------------------------------------------------------
Finished RTL Elaboration : Time (s): cpu = 00:00:26 ; elapsed = 00:00:33 . Memory (MB): peak = 554.617 ; gain = 183.652
---------------------------------------------------------------------------------

Report Check Netlist: 
+------+------------------+-------+---------+-------+------------------+
|      |Item              |Errors |Warnings |Status |Description       |
+------+------------------+-------+---------+-------+------------------+
|1     |multi_driven_nets |      0|        0|Passed |Multi driven nets |
+------+------------------+-------+---------+-------+------------------+
---------------------------------------------------------------------------------
Start Handling Custom Attributes
---------------------------------------------------------------------------------
---------------------------------------------------------------------------------
Finished Handling Custom Attributes : Time (s): cpu = 00:00:27 ; elapsed = 00:00:35 . Memory (MB): peak = 554.617 ; gain = 183.652
---------------------------------------------------------------------------------
---------------------------------------------------------------------------------
Finished RTL Optimization Phase 1 : Time (s): cpu = 00:00:27 ; elapsed = 00:00:35 . Memory (MB): peak = 554.617 ; gain = 183.652
---------------------------------------------------------------------------------
INFO: [Device 21-403] Loading part xc7z010clg400-1
INFO: [Project 1-570] Preparing netlist for logic optimization

Processing XDC Constraints
Initializing timing engine
Completed Processing XDC Constraints

INFO: [Project 1-111] Unisim Transformation Summary:
No Unisim elements were transformed.

Constraint Validation Runtime : Time (s): cpu = 00:00:01 ; elapsed = 00:00:00.505 . Memory (MB): peak = 889.930 ; gain = 0.000
---------------------------------------------------------------------------------
Finished Constraint Validation : Time (s): cpu = 00:01:11 ; elapsed = 00:01:27 . Memory (MB): peak = 889.930 ; gain = 518.965
---------------------------------------------------------------------------------
---------------------------------------------------------------------------------
Start Loading Part and Timing Information
---------------------------------------------------------------------------------
Loading part: xc7z010clg400-1
---------------------------------------------------------------------------------
Finished Loading Part and Timing Information : Time (s): cpu = 00:01:11 ; elapsed = 00:01:27 . Memory (MB): peak = 889.930 ; gain = 518.965
---------------------------------------------------------------------------------
---------------------------------------------------------------------------------
Start Applying 'set_property' XDC Constraints
---------------------------------------------------------------------------------
---------------------------------------------------------------------------------
Finished applying 'set_property' XDC Constraints : Time (s): cpu = 00:01:11 ; elapsed = 00:01:27 . Memory (MB): peak = 889.930 ; gain = 518.965
---------------------------------------------------------------------------------
---------------------------------------------------------------------------------
Finished RTL Optimization Phase 2 : Time (s): cpu = 00:01:18 ; elapsed = 00:01:35 . Memory (MB): peak = 889.930 ; gain = 518.965
---------------------------------------------------------------------------------

Report RTL Partitions: 
+-+--------------+------------+----------+
| |RTL Partition |Replication |Instances |
+-+--------------+------------+----------+
+-+--------------+------------+----------+
---------------------------------------------------------------------------------
Start RTL Component Statistics 
---------------------------------------------------------------------------------
Detailed RTL Component Info : 
+---Adders : 
	   2 Input     28 Bit       Adders := 29    
	   2 Input      5 Bit       Adders := 2     
+---XORs : 
	   2 Input     28 Bit         XORs := 1     
+---Registers : 
	               32 Bit    Registers := 58    
	               28 Bit    Registers := 30    
	                8 Bit    Registers := 2     
	                5 Bit    Registers := 2     
	                4 Bit    Registers := 1     
	                2 Bit    Registers := 2     
	                1 Bit    Registers := 8     
+---Muxes : 
	   2 Input     32 Bit        Muxes := 57    
	   2 Input     28 Bit        Muxes := 29    
	   8 Input     28 Bit        Muxes := 29    
	   2 Input      5 Bit        Muxes := 2     
	   8 Input      5 Bit        Muxes := 2     
	   2 Input      3 Bit        Muxes := 3     
	   2 Input      1 Bit        Muxes := 10    
	   8 Input      1 Bit        Muxes := 5     
---------------------------------------------------------------------------------
Finished RTL Component Statistics 
---------------------------------------------------------------------------------
---------------------------------------------------------------------------------
Start RTL Hierarchical Component Statistics 
---------------------------------------------------------------------------------
Hierarchical RTL Component report 
Module distance 
Detailed RTL Component Info : 
+---Adders : 
	   2 Input     28 Bit       Adders := 29    
	   2 Input      5 Bit       Adders := 2     
+---XORs : 
	   2 Input     28 Bit         XORs := 1     
+---Registers : 
	               28 Bit    Registers := 29    
	                5 Bit    Registers := 2     
	                4 Bit    Registers := 1     
	                1 Bit    Registers := 1     
+---Muxes : 
	   2 Input     28 Bit        Muxes := 29    
	   8 Input     28 Bit        Muxes := 29    
	   2 Input      5 Bit        Muxes := 2     
	   8 Input      5 Bit        Muxes := 2     
	   2 Input      3 Bit        Muxes := 3     
	   2 Input      1 Bit        Muxes := 5     
	   8 Input      1 Bit        Muxes := 5     
Module distance_zybo2_ip_v1_0_S00_AXI 
Detailed RTL Component Info : 
+---Registers : 
	               32 Bit    Registers := 58    
	               28 Bit    Registers := 1     
	                8 Bit    Registers := 2     
	                2 Bit    Registers := 2     
	                1 Bit    Registers := 7     
+---Muxes : 
	   2 Input     32 Bit        Muxes := 57    
	   2 Input      1 Bit        Muxes := 5     
---------------------------------------------------------------------------------
Finished RTL Hierarchical Component Statistics
---------------------------------------------------------------------------------
---------------------------------------------------------------------------------
Start Part Resource Summary
---------------------------------------------------------------------------------
Part Resources:
DSPs: 80 (col length:40)
BRAMs: 120 (col length: RAMB18 40 RAMB36 20)
---------------------------------------------------------------------------------
Finished Part Resource Summary
---------------------------------------------------------------------------------
---------------------------------------------------------------------------------
Start Cross Boundary and Area Optimization
---------------------------------------------------------------------------------
Warning: Parallel synthesis criteria is not met 
INFO: [Synth 8-3333] propagating constant 0 across sequential element (\inst/distance_zybo2_ip_v1_0_S00_AXI_inst /distance_inst/\state_reg[3] )
INFO: [Synth 8-3886] merging instance 'inst/distance_zybo2_ip_v1_0_S00_AXI_inst/axi_rresp_reg[0]' (FDRE) to 'inst/distance_zybo2_ip_v1_0_S00_AXI_inst/axi_rresp_reg[1]'
INFO: [Synth 8-3333] propagating constant 0 across sequential element (\inst/distance_zybo2_ip_v1_0_S00_AXI_inst /\axi_rresp_reg[1] )
INFO: [Synth 8-3886] merging instance 'inst/distance_zybo2_ip_v1_0_S00_AXI_inst/axi_bresp_reg[0]' (FDRE) to 'inst/distance_zybo2_ip_v1_0_S00_AXI_inst/axi_bresp_reg[1]'
INFO: [Synth 8-3333] propagating constant 0 across sequential element (\inst/distance_zybo2_ip_v1_0_S00_AXI_inst /\axi_bresp_reg[1] )
WARNING: [Synth 8-3332] Sequential element (state_reg[3]) is unused and will be removed from module distance.
WARNING: [Synth 8-3332] Sequential element (axi_bresp_reg[1]) is unused and will be removed from module distance_zybo2_ip_v1_0_S00_AXI.
WARNING: [Synth 8-3332] Sequential element (axi_awaddr_reg[1]) is unused and will be removed from module distance_zybo2_ip_v1_0_S00_AXI.
WARNING: [Synth 8-3332] Sequential element (axi_awaddr_reg[0]) is unused and will be removed from module distance_zybo2_ip_v1_0_S00_AXI.
WARNING: [Synth 8-3332] Sequential element (axi_araddr_reg[1]) is unused and will be removed from module distance_zybo2_ip_v1_0_S00_AXI.
WARNING: [Synth 8-3332] Sequential element (axi_araddr_reg[0]) is unused and will be removed from module distance_zybo2_ip_v1_0_S00_AXI.
WARNING: [Synth 8-3332] Sequential element (axi_rresp_reg[1]) is unused and will be removed from module distance_zybo2_ip_v1_0_S00_AXI.
---------------------------------------------------------------------------------
Finished Cross Boundary and Area Optimization : Time (s): cpu = 00:01:40 ; elapsed = 00:01:59 . Memory (MB): peak = 889.930 ; gain = 518.965
---------------------------------------------------------------------------------

Report RTL Partitions: 
+-+--------------+------------+----------+
| |RTL Partition |Replication |Instances |
+-+--------------+------------+----------+
+-+--------------+------------+----------+
---------------------------------------------------------------------------------
Start Applying XDC Timing Constraints
---------------------------------------------------------------------------------
---------------------------------------------------------------------------------
Finished Applying XDC Timing Constraints : Time (s): cpu = 00:02:11 ; elapsed = 00:02:31 . Memory (MB): peak = 889.930 ; gain = 518.965
---------------------------------------------------------------------------------
---------------------------------------------------------------------------------
Start Timing Optimization
---------------------------------------------------------------------------------
---------------------------------------------------------------------------------
Finished Timing Optimization : Time (s): cpu = 00:02:12 ; elapsed = 00:02:33 . Memory (MB): peak = 889.930 ; gain = 518.965
---------------------------------------------------------------------------------

Report RTL Partitions: 
+-+--------------+------------+----------+
| |RTL Partition |Replication |Instances |
+-+--------------+------------+----------+
+-+--------------+------------+----------+
---------------------------------------------------------------------------------
Start Technology Mapping
---------------------------------------------------------------------------------
---------------------------------------------------------------------------------
Finished Technology Mapping : Time (s): cpu = 00:02:16 ; elapsed = 00:02:36 . Memory (MB): peak = 896.250 ; gain = 525.285
---------------------------------------------------------------------------------

Report RTL Partitions: 
+-+--------------+------------+----------+
| |RTL Partition |Replication |Instances |
+-+--------------+------------+----------+
+-+--------------+------------+----------+
---------------------------------------------------------------------------------
Start IO Insertion
---------------------------------------------------------------------------------
---------------------------------------------------------------------------------
Start Flattening Before IO Insertion
---------------------------------------------------------------------------------
---------------------------------------------------------------------------------
Finished Flattening Before IO Insertion
---------------------------------------------------------------------------------
---------------------------------------------------------------------------------
Start Final Netlist Cleanup
---------------------------------------------------------------------------------
---------------------------------------------------------------------------------
Finished Final Netlist Cleanup
---------------------------------------------------------------------------------
---------------------------------------------------------------------------------
Finished IO Insertion : Time (s): cpu = 00:02:20 ; elapsed = 00:02:40 . Memory (MB): peak = 896.250 ; gain = 525.285
---------------------------------------------------------------------------------

Report Check Netlist: 
+------+------------------+-------+---------+-------+------------------+
|      |Item              |Errors |Warnings |Status |Description       |
+------+------------------+-------+---------+-------+------------------+
|1     |multi_driven_nets |      0|        0|Passed |Multi driven nets |
+------+------------------+-------+---------+-------+------------------+
---------------------------------------------------------------------------------
Start Renaming Generated Instances
---------------------------------------------------------------------------------
---------------------------------------------------------------------------------
Finished Renaming Generated Instances : Time (s): cpu = 00:02:20 ; elapsed = 00:02:41 . Memory (MB): peak = 896.250 ; gain = 525.285
---------------------------------------------------------------------------------

Report RTL Partitions: 
+-+--------------+------------+----------+
| |RTL Partition |Replication |Instances |
+-+--------------+------------+----------+
+-+--------------+------------+----------+
---------------------------------------------------------------------------------
Start Rebuilding User Hierarchy
---------------------------------------------------------------------------------
---------------------------------------------------------------------------------
Finished Rebuilding User Hierarchy : Time (s): cpu = 00:02:21 ; elapsed = 00:02:41 . Memory (MB): peak = 896.250 ; gain = 525.285
---------------------------------------------------------------------------------
---------------------------------------------------------------------------------
Start Renaming Generated Ports
---------------------------------------------------------------------------------
---------------------------------------------------------------------------------
Finished Renaming Generated Ports : Time (s): cpu = 00:02:21 ; elapsed = 00:02:41 . Memory (MB): peak = 896.250 ; gain = 525.285
---------------------------------------------------------------------------------
---------------------------------------------------------------------------------
Start Handling Custom Attributes
---------------------------------------------------------------------------------
---------------------------------------------------------------------------------
Finished Handling Custom Attributes : Time (s): cpu = 00:02:21 ; elapsed = 00:02:41 . Memory (MB): peak = 896.250 ; gain = 525.285
---------------------------------------------------------------------------------
---------------------------------------------------------------------------------
Start Renaming Generated Nets
---------------------------------------------------------------------------------
---------------------------------------------------------------------------------
Finished Renaming Generated Nets : Time (s): cpu = 00:02:21 ; elapsed = 00:02:41 . Memory (MB): peak = 896.250 ; gain = 525.285
---------------------------------------------------------------------------------
---------------------------------------------------------------------------------
Start Writing Synthesis Report
---------------------------------------------------------------------------------

Report BlackBoxes: 
+-+--------------+----------+
| |BlackBox name |Instances |
+-+--------------+----------+
+-+--------------+----------+

Report Cell Usage: 
+------+-------+------+
|      |Cell   |Count |
+------+-------+------+
|1     |CARRY4 |   203|
|2     |LUT1   |     4|
|3     |LUT2   |     6|
|4     |LUT3   |     4|
|5     |LUT4   |    16|
|6     |LUT5   |    61|
|7     |LUT6   |  1014|
|8     |MUXF7  |   317|
|9     |MUXF8  |    30|
|10    |FDRE   |  2741|
|11    |FDSE   |     2|
+------+-------+------+

Report Instance Areas: 
+------+----------------------------------------+-------------------------------+------+
|      |Instance                                |Module                         |Cells |
+------+----------------------------------------+-------------------------------+------+
|1     |top                                     |                               |  4398|
|2     |  inst                                  |distance_zybo2_ip_v1_0         |  4398|
|3     |    distance_zybo2_ip_v1_0_S00_AXI_inst |distance_zybo2_ip_v1_0_S00_AXI |  4394|
|4     |      distance_inst                     |distance                       |  1444|
+------+----------------------------------------+-------------------------------+------+
---------------------------------------------------------------------------------
Finished Writing Synthesis Report : Time (s): cpu = 00:02:21 ; elapsed = 00:02:41 . Memory (MB): peak = 896.250 ; gain = 525.285
---------------------------------------------------------------------------------
Synthesis finished with 0 errors, 0 critical warnings and 1525 warnings.
Synthesis Optimization Runtime : Time (s): cpu = 00:01:28 ; elapsed = 00:02:09 . Memory (MB): peak = 896.250 ; gain = 189.973
Synthesis Optimization Complete : Time (s): cpu = 00:02:21 ; elapsed = 00:02:42 . Memory (MB): peak = 896.250 ; gain = 525.285
INFO: [Project 1-571] Translating synthesized netlist
INFO: [Netlist 29-17] Analyzing 550 Unisim elements for replacement
INFO: [Netlist 29-28] Unisim Transformation completed in 0 CPU seconds
INFO: [Project 1-570] Preparing netlist for logic optimization
INFO: [Opt 31-138] Pushed 0 inverter(s) to 0 load pin(s).
INFO: [Project 1-111] Unisim Transformation Summary:
No Unisim elements were transformed.

INFO: [Common 17-83] Releasing license: Synthesis
25 Infos, 194 Warnings, 0 Critical Warnings and 0 Errors encountered.
synth_design completed successfully
synth_design: Time (s): cpu = 00:02:28 ; elapsed = 00:02:50 . Memory (MB): peak = 896.250 ; gain = 536.754
INFO: [Common 17-1381] The checkpoint 'C:/Users/Pulpecik/distance_zybo2/distance_zybo2.runs/design_zybo2_distance_zybo2_ip_0_0_synth_1/design_zybo2_distance_zybo2_ip_0_0.dcp' has been generated.
