Unable to capture context for thread 2392 in process 14540, can not generate back trace
Unable to capture context for thread 12652 in process 14540, can not generate back trace
Exception at PC 0x00007FF9FE03BB93
Printing stacktrace...

Exception at PC 0x00007FFA66A1F218
Exception at PC 0x00007FFA66A1F218
Exception at PC 0x00007FFA66A1F218
Exception at PC 0x00007FFA66A1F218
Exception at PC 0x00007FFA66A1F218
Exception at PC 0x00007FFA66A1F218
Exception at PC 0x00007FFA66A1F218
Exception at PC 0x00007FFA66A1F218
Exception at PC 0x00007FFA66A1F218
Exception at PC 0x00007FFA66A1F218
Exception at PC 0x00007FFA66A1F218
Exception at PC 0x00007FFA66A1F218
Exception at PC 0x00007FFA66A1F218
Exception at PC 0x00007FFA66A1F218
Exception at PC 0x00007FFA66A1F218
Exception at PC 0x00007FFA66A1F218
Exception at PC 0x00007FFA66A1F218
Exception at PC 0x00007FFA66A1F218
Exception at PC 0x00007FFA66A1F218
Exception at PC 0x00007FFA66A1F218
[0]  [0x00007FF9FE03BB93]
[1]  [0x00007FF9FE03BB93]
[2]  [0x00007FF9FE03B4A1]
[3]  [0x00007FF9FE03B3EF]
[4]  [0x00007FF9FE0219FE]
[5]  [0x00007FF9FE020ED1]
[6]  [0x00007FF9FE020D76]
[7]  [0x00007FF9FDFC79F6]
[8]  [0x00007FF9FDFB7AFB]
[9]  [0x00007FF9FE0DE90A]
[10]  [0x00007FF9FE0F9F87]
[11]  [0x00007FF9FE0FA05F]
[12] (BaseThreadInitThunk+0x14) [0x00007FFA68123034]
[13] (RtlUserThreadStart+0x21) [0x00007FFA6A481551]
Done
